<?xml version="1.0" encoding="UTF-8"?>
<!-- Generated by org.testng.reporters.JUnitReportReporter -->
<testsuite hostname="ellys-mbp-2" failures="0" tests="2" name="com.qa.tests.demoTest" time="33.812" errors="0" timestamp="2021-01-24T16:45:48 WIB" skipped="0">
  <testcase classname="com.qa.tests.demoTest" name="bookingsTrain" time="15.572"/>
  <system-out/>
  <testcase classname="com.qa.tests.demoTest" name="bookingflight" time="18.240"/>
  <system-out/>
</testsuite> <!-- com.qa.tests.demoTest -->
