<?xml version="1.0" encoding="UTF-8"?>
<!-- Generated by org.testng.reporters.JUnitReportReporter -->
<testsuite skipped="0" hostname="ellys-mbp-2" name="com.qa.tests.demoTest" tests="2" failures="0" timestamp="2021-01-24T16:45:04 WIB" time="32.554" errors="0">
  <testcase name="bookingflight" time="18.017" classname="com.qa.tests.demoTest"/>
  <system-out/>
  <testcase name="bookingsTrain" time="14.537" classname="com.qa.tests.demoTest"/>
  <system-out/>
</testsuite> <!-- com.qa.tests.demoTest -->
